# JRE version: OpenJDK Runtime Environment Temurin-21.0.8+9 (21.0.8+9) (build 21.0.8+9-LTS)
# Java VM: OpenJDK 64-Bit Server VM Temurin-21.0.8+9 (21.0.8+9-LTS, mixed mode, sharing, tiered, compressed oops, compressed class ptrs, parallel gc, windows-amd64)
GC Precious Log:
 CardTable entry size: 512
 CPUs: 16 total, 16 available
 Memory: 16306M
 Large Page Support: Disabled
 NUMA Support: Disabled
 Compressed Oops: Enabled (32-bit)
 Alignments: Space 512K, Generation 512K, Heap 2M
 Heap Min Capacity: 100M
 Heap Initial Capacity: 100M
 Heap Max Capacity: 2G
 Pre-touch: Disabled
 Parallel Workers: 13
Heap:
 PSYoungGen      total 16896K, used 12733K [0x00000000d5580000, 0x00000000d6780000, 0x0000000100000000)
  eden space 15360K, 75% used [0x00000000d5580000,0x00000000d60c90e0,0x00000000d6480000)
  from space 1536K, 76% used [0x00000000d6480000,0x00000000d65a6490,0x00000000d6600000)
  to   space 1536K, 0% used [0x00000000d6600000,0x00000000d6600000,0x00000000d6780000)
 ParOldGen       total 68608K, used 64999K [0x0000000080000000, 0x0000000084300000, 0x00000000d5580000)
  object space 68608K, 94% used [0x0000000080000000,0x0000000083f79f40,0x0000000084300000)
 Metaspace       used 64044K, committed 65472K, reserved 1114112K
  class space    used 7477K, committed 8128K, reserved 1048576K
GC Heap History (20 events):
Event: 18.200 GC heap before
{Heap before GC invocations=37 (full 3):
 PSYoungGen      total 19456K, used 18240K [0x00000000d5580000, 0x00000000d6c00000, 0x0000000100000000)
  eden space 17920K, 100% used [0x00000000d5580000,0x00000000d6700000,0x00000000d6700000)
  from space 1536K, 20% used [0x00000000d6980000,0x00000000d69d0000,0x00000000d6b00000)
  to   space 1024K, 0% used [0x00000000d6b00000,0x00000000d6b00000,0x00000000d6c00000)
 ParOldGen       total 68608K, used 48103K [0x0000000080000000, 0x0000000084300000, 0x00000000d5580000)
  object space 68608K, 70% used [0x0000000080000000,0x0000000082ef9de0,0x0000000084300000)
 Metaspace       used 60392K, committed 61824K, reserved 1114112K
  class space    used 7121K, committed 7744K, reserved 1048576K
}
Event: 18.202 GC heap after
{Heap after GC invocations=37 (full 3):
 PSYoungGen      total 17920K, used 1014K [0x00000000d5580000, 0x00000000d7100000, 0x0000000100000000)
  eden space 16896K, 0% used [0x00000000d5580000,0x00000000d5580000,0x00000000d6600000)
  from space 1024K, 99% used [0x00000000d6b00000,0x00000000d6bfd818,0x00000000d6c00000)
  to   space 5120K, 0% used [0x00000000d6600000,0x00000000d6600000,0x00000000d6b00000)
 ParOldGen       total 68608K, used 51120K [0x0000000080000000, 0x0000000084300000, 0x00000000d5580000)
  object space 68608K, 74% used [0x0000000080000000,0x00000000831ec0f0,0x0000000084300000)
 Metaspace       used 60392K, committed 61824K, reserved 1114112K
  class space    used 7121K, committed 7744K, reserved 1048576K
}
Event: 18.329 GC heap before
{Heap before GC invocations=38 (full 3):
 PSYoungGen      total 17920K, used 17910K [0x00000000d5580000, 0x00000000d7100000, 0x0000000100000000)
  eden space 16896K, 100% used [0x00000000d5580000,0x00000000d6600000,0x00000000d6600000)
  from space 1024K, 99% used [0x00000000d6b00000,0x00000000d6bfd818,0x00000000d6c00000)
  to   space 5120K, 0% used [0x00000000d6600000,0x00000000d6600000,0x00000000d6b00000)
 ParOldGen       total 68608K, used 51120K [0x0000000080000000, 0x0000000084300000, 0x00000000d5580000)
  object space 68608K, 74% used [0x0000000080000000,0x00000000831ec0f0,0x0000000084300000)
 Metaspace       used 61480K, committed 62848K, reserved 1114112K
  class space    used 7219K, committed 7808K, reserved 1048576K
}
Event: 18.330 GC heap after
{Heap after GC invocations=38 (full 3):
 PSYoungGen      total 18944K, used 1760K [0x00000000d5580000, 0x00000000d6c00000, 0x0000000100000000)
  eden space 16896K, 0% used [0x00000000d5580000,0x00000000d5580000,0x00000000d6600000)
  from space 2048K, 85% used [0x00000000d6600000,0x00000000d67b8030,0x00000000d6800000)
  to   space 3072K, 0% used [0x00000000d6900000,0x00000000d6900000,0x00000000d6c00000)
 ParOldGen       total 68608K, used 51502K [0x0000000080000000, 0x0000000084300000, 0x00000000d5580000)
  object space 68608K, 75% used [0x0000000080000000,0x000000008324b818,0x0000000084300000)
 Metaspace       used 61480K, committed 62848K, reserved 1114112K
  class space    used 7219K, committed 7808K, reserved 1048576K
}
Event: 18.360 GC heap before
{Heap before GC invocations=39 (full 3):
 PSYoungGen      total 18944K, used 18656K [0x00000000d5580000, 0x00000000d6c00000, 0x0000000100000000)
  eden space 16896K, 100% used [0x00000000d5580000,0x00000000d6600000,0x00000000d6600000)
  from space 2048K, 85% used [0x00000000d6600000,0x00000000d67b8030,0x00000000d6800000)
  to   space 3072K, 0% used [0x00000000d6900000,0x00000000d6900000,0x00000000d6c00000)
 ParOldGen       total 68608K, used 51502K [0x0000000080000000, 0x0000000084300000, 0x00000000d5580000)
  object space 68608K, 75% used [0x0000000080000000,0x000000008324b818,0x0000000084300000)
 Metaspace       used 61516K, committed 62912K, reserved 1114112K
  class space    used 7223K, committed 7808K, reserved 1048576K
}
Event: 18.362 GC heap after
{Heap after GC invocations=39 (full 3):
 PSYoungGen      total 19456K, used 2129K [0x00000000d5580000, 0x00000000d6b80000, 0x0000000100000000)
  eden space 16896K, 0% used [0x00000000d5580000,0x00000000d5580000,0x00000000d6600000)
  from space 2560K, 83% used [0x00000000d6900000,0x00000000d6b14410,0x00000000d6b80000)
  to   space 2560K, 0% used [0x00000000d6680000,0x00000000d6680000,0x00000000d6900000)
 ParOldGen       total 68608K, used 53075K [0x0000000080000000, 0x0000000084300000, 0x00000000d5580000)
  object space 68608K, 77% used [0x0000000080000000,0x00000000833d4e90,0x0000000084300000)
 Metaspace       used 61516K, committed 62912K, reserved 1114112K
  class space    used 7223K, committed 7808K, reserved 1048576K
}
Event: 18.406 GC heap before
{Heap before GC invocations=40 (full 3):
 PSYoungGen      total 19456K, used 19025K [0x00000000d5580000, 0x00000000d6b80000, 0x0000000100000000)
  eden space 16896K, 100% used [0x00000000d5580000,0x00000000d6600000,0x00000000d6600000)
  from space 2560K, 83% used [0x00000000d6900000,0x00000000d6b14410,0x00000000d6b80000)
  to   space 2560K, 0% used [0x00000000d6680000,0x00000000d6680000,0x00000000d6900000)
 ParOldGen       total 68608K, used 53075K [0x0000000080000000, 0x0000000084300000, 0x00000000d5580000)
  object space 68608K, 77% used [0x0000000080000000,0x00000000833d4e90,0x0000000084300000)
 Metaspace       used 61875K, committed 63232K, reserved 1114112K
  class space    used 7277K, committed 7872K, reserved 1048576K
}
Event: 18.408 GC heap after
{Heap after GC invocations=40 (full 3):
 PSYoungGen      total 19456K, used 2080K [0x00000000d5580000, 0x00000000d6b00000, 0x0000000100000000)
  eden space 16896K, 0% used [0x00000000d5580000,0x00000000d5580000,0x00000000d6600000)
  from space 2560K, 81% used [0x00000000d6680000,0x00000000d6888020,0x00000000d6900000)
  to   space 2048K, 0% used [0x00000000d6900000,0x00000000d6900000,0x00000000d6b00000)
 ParOldGen       total 68608K, used 55028K [0x0000000080000000, 0x0000000084300000, 0x00000000d5580000)
  object space 68608K, 80% used [0x0000000080000000,0x00000000835bd290,0x0000000084300000)
 Metaspace       used 61875K, committed 63232K, reserved 1114112K
  class space    used 7277K, committed 7872K, reserved 1048576K
}
Event: 18.435 GC heap before
{Heap before GC invocations=41 (full 3):
 PSYoungGen      total 19456K, used 18976K [0x00000000d5580000, 0x00000000d6b00000, 0x0000000100000000)
  eden space 16896K, 100% used [0x00000000d5580000,0x00000000d6600000,0x00000000d6600000)
  from space 2560K, 81% used [0x00000000d6680000,0x00000000d6888020,0x00000000d6900000)
  to   space 2048K, 0% used [0x00000000d6900000,0x00000000d6900000,0x00000000d6b00000)
 ParOldGen       total 68608K, used 55028K [0x0000000080000000, 0x0000000084300000, 0x00000000d5580000)
  object space 68608K, 80% used [0x0000000080000000,0x00000000835bd290,0x0000000084300000)
 Metaspace       used 61891K, committed 63232K, reserved 1114112K
  class space    used 7277K, committed 7872K, reserved 1048576K
}
Event: 18.437 GC heap after
{Heap after GC invocations=41 (full 3):
 PSYoungGen      total 17408K, used 2018K [0x00000000d5580000, 0x00000000d6f00000, 0x0000000100000000)
  eden space 15360K, 0% used [0x00000000d5580000,0x00000000d5580000,0x00000000d6480000)
  from space 2048K, 98% used [0x00000000d6900000,0x00000000d6af8800,0x00000000d6b00000)
  to   space 4608K, 0% used [0x00000000d6480000,0x00000000d6480000,0x00000000d6900000)
 ParOldGen       total 68608K, used 56879K [0x0000000080000000, 0x0000000084300000, 0x00000000d5580000)
  object space 68608K, 82% used [0x0000000080000000,0x000000008378bf80,0x0000000084300000)
 Metaspace       used 61891K, committed 63232K, reserved 1114112K
  class space    used 7277K, committed 7872K, reserved 1048576K
}
Event: 18.465 GC heap before
{Heap before GC invocations=42 (full 3):
 PSYoungGen      total 17408K, used 17378K [0x00000000d5580000, 0x00000000d6f00000, 0x0000000100000000)
  eden space 15360K, 100% used [0x00000000d5580000,0x00000000d6480000,0x00000000d6480000)
  from space 2048K, 98% used [0x00000000d6900000,0x00000000d6af8800,0x00000000d6b00000)
  to   space 4608K, 0% used [0x00000000d6480000,0x00000000d6480000,0x00000000d6900000)
 ParOldGen       total 68608K, used 56879K [0x0000000080000000, 0x0000000084300000, 0x00000000d5580000)
  object space 68608K, 82% used [0x0000000080000000,0x000000008378bf80,0x0000000084300000)
 Metaspace       used 61895K, committed 63232K, reserved 1114112K
  class space    used 7277K, committed 7872K, reserved 1048576K
}
Event: 18.466 GC heap after
{Heap after GC invocations=42 (full 3):
 PSYoungGen      total 17408K, used 1828K [0x00000000d5580000, 0x00000000d6a80000, 0x0000000100000000)
  eden space 15360K, 0% used [0x00000000d5580000,0x00000000d5580000,0x00000000d6480000)
  from space 2048K, 89% used [0x00000000d6480000,0x00000000d6649000,0x00000000d6680000)
  to   space 3072K, 0% used [0x00000000d6780000,0x00000000d6780000,0x00000000d6a80000)
 ParOldGen       total 68608K, used 58654K [0x0000000080000000, 0x0000000084300000, 0x00000000d5580000)
  object space 68608K, 85% used [0x0000000080000000,0x0000000083947930,0x0000000084300000)
 Metaspace       used 61895K, committed 63232K, reserved 1114112K
  class space    used 7277K, committed 7872K, reserved 1048576K
}
Event: 18.493 GC heap before
{Heap before GC invocations=43 (full 3):
 PSYoungGen      total 17408K, used 17188K [0x00000000d5580000, 0x00000000d6a80000, 0x0000000100000000)
  eden space 15360K, 100% used [0x00000000d5580000,0x00000000d6480000,0x00000000d6480000)
  from space 2048K, 89% used [0x00000000d6480000,0x00000000d6649000,0x00000000d6680000)
  to   space 3072K, 0% used [0x00000000d6780000,0x00000000d6780000,0x00000000d6a80000)
 ParOldGen       total 68608K, used 58654K [0x0000000080000000, 0x0000000084300000, 0x00000000d5580000)
  object space 68608K, 85% used [0x0000000080000000,0x0000000083947930,0x0000000084300000)
 Metaspace       used 61923K, committed 63360K, reserved 1114112K
  class space    used 7279K, committed 7872K, reserved 1048576K
}
Event: 18.497 GC heap after
{Heap after GC invocations=43 (full 3):
 PSYoungGen      total 17408K, used 1664K [0x00000000d5580000, 0x00000000d6980000, 0x0000000100000000)
  eden space 15360K, 0% used [0x00000000d5580000,0x00000000d5580000,0x00000000d6480000)
  from space 2048K, 81% used [0x00000000d6780000,0x00000000d6920000,0x00000000d6980000)
  to   space 2048K, 0% used [0x00000000d6480000,0x00000000d6480000,0x00000000d6680000)
 ParOldGen       total 68608K, used 60395K [0x0000000080000000, 0x0000000084300000, 0x00000000d5580000)
  object space 68608K, 88% used [0x0000000080000000,0x0000000083afaf58,0x0000000084300000)
 Metaspace       used 61923K, committed 63360K, reserved 1114112K
  class space    used 7279K, committed 7872K, reserved 1048576K
}
Event: 18.531 GC heap before
{Heap before GC invocations=44 (full 3):
 PSYoungGen      total 17408K, used 17024K [0x00000000d5580000, 0x00000000d6980000, 0x0000000100000000)
  eden space 15360K, 100% used [0x00000000d5580000,0x00000000d6480000,0x00000000d6480000)
  from space 2048K, 81% used [0x00000000d6780000,0x00000000d6920000,0x00000000d6980000)
  to   space 2048K, 0% used [0x00000000d6480000,0x00000000d6480000,0x00000000d6680000)
 ParOldGen       total 68608K, used 60395K [0x0000000080000000, 0x0000000084300000, 0x00000000d5580000)
  object space 68608K, 88% used [0x0000000080000000,0x0000000083afaf58,0x0000000084300000)
 Metaspace       used 61949K, committed 63360K, reserved 1114112K
  class space    used 7280K, committed 7872K, reserved 1048576K
}
Event: 18.533 GC heap after
{Heap after GC invocations=44 (full 3):
 PSYoungGen      total 17408K, used 1920K [0x00000000d5580000, 0x00000000d6880000, 0x0000000100000000)
  eden space 15360K, 0% used [0x00000000d5580000,0x00000000d5580000,0x00000000d6480000)
  from space 2048K, 93% used [0x00000000d6480000,0x00000000d6660010,0x00000000d6680000)
  to   space 2048K, 0% used [0x00000000d6680000,0x00000000d6680000,0x00000000d6880000)
 ParOldGen       total 68608K, used 61915K [0x0000000080000000, 0x0000000084300000, 0x00000000d5580000)
  object space 68608K, 90% used [0x0000000080000000,0x0000000083c76f58,0x0000000084300000)
 Metaspace       used 61949K, committed 63360K, reserved 1114112K
  class space    used 7280K, committed 7872K, reserved 1048576K
}
Event: 18.592 GC heap before
{Heap before GC invocations=45 (full 3):
 PSYoungGen      total 17408K, used 17280K [0x00000000d5580000, 0x00000000d6880000, 0x0000000100000000)
  eden space 15360K, 100% used [0x00000000d5580000,0x00000000d6480000,0x00000000d6480000)
  from space 2048K, 93% used [0x00000000d6480000,0x00000000d6660010,0x00000000d6680000)
  to   space 2048K, 0% used [0x00000000d6680000,0x00000000d6680000,0x00000000d6880000)
 ParOldGen       total 68608K, used 61915K [0x0000000080000000, 0x0000000084300000, 0x00000000d5580000)
  object space 68608K, 90% used [0x0000000080000000,0x0000000083c76f58,0x0000000084300000)
 Metaspace       used 62310K, committed 63616K, reserved 1114112K
  class space    used 7316K, committed 7872K, reserved 1048576K
}
Event: 18.594 GC heap after
{Heap after GC invocations=45 (full 3):
 PSYoungGen      total 17408K, used 1472K [0x00000000d5580000, 0x00000000d6880000, 0x0000000100000000)
  eden space 15360K, 0% used [0x00000000d5580000,0x00000000d5580000,0x00000000d6480000)
  from space 2048K, 71% used [0x00000000d6680000,0x00000000d67f0020,0x00000000d6880000)
  to   space 2048K, 0% used [0x00000000d6480000,0x00000000d6480000,0x00000000d6680000)
 ParOldGen       total 68608K, used 63684K [0x0000000080000000, 0x0000000084300000, 0x00000000d5580000)
  object space 68608K, 92% used [0x0000000080000000,0x0000000083e31168,0x0000000084300000)
 Metaspace       used 62310K, committed 63616K, reserved 1114112K
  class space    used 7316K, committed 7872K, reserved 1048576K
}
Event: 25868.671 GC heap before
{Heap before GC invocations=46 (full 3):
 PSYoungGen      total 17408K, used 16832K [0x00000000d5580000, 0x00000000d6880000, 0x0000000100000000)
  eden space 15360K, 100% used [0x00000000d5580000,0x00000000d6480000,0x00000000d6480000)
  from space 2048K, 71% used [0x00000000d6680000,0x00000000d67f0020,0x00000000d6880000)
  to   space 2048K, 0% used [0x00000000d6480000,0x00000000d6480000,0x00000000d6680000)
 ParOldGen       total 68608K, used 63684K [0x0000000080000000, 0x0000000084300000, 0x00000000d5580000)
  object space 68608K, 92% used [0x0000000080000000,0x0000000083e31168,0x0000000084300000)
 Metaspace       used 63454K, committed 64896K, reserved 1114112K
  class space    used 7427K, committed 8064K, reserved 1048576K
}
Event: 25868.704 GC heap after
{Heap after GC invocations=46 (full 3):
 PSYoungGen      total 16896K, used 1177K [0x00000000d5580000, 0x00000000d6780000, 0x0000000100000000)
  eden space 15360K, 0% used [0x00000000d5580000,0x00000000d5580000,0x00000000d6480000)
  from space 1536K, 76% used [0x00000000d6480000,0x00000000d65a6490,0x00000000d6600000)
  to   space 1536K, 0% used [0x00000000d6600000,0x00000000d6600000,0x00000000d6780000)
 ParOldGen       total 68608K, used 64999K [0x0000000080000000, 0x0000000084300000, 0x00000000d5580000)
  object space 68608K, 94% used [0x0000000080000000,0x0000000083f79f40,0x0000000084300000)
 Metaspace       used 63454K, committed 64896K, reserved 1114112K
  class space    used 7427K, committed 8064K, reserved 1048576K
}

